<?xml version="1.0" encoding="UTF-8"?>
<!-- Generated by org.testng.reporters.JUnitReportReporter -->
<testsuite hostname="LAPTOP-IG9HI3D2" failures="0" tests="3" name="com.sgtesting.products.Products" time="0.008" errors="0" timestamp="2021-10-22T20:21:24 IST" skipped="0">
  <testcase classname="com.sgtesting.products.Products" name="createUser" time="0.004"/>
  <system-out/>
  <testcase classname="com.sgtesting.products.Products" name="modifyUser" time="0.003"/>
  <system-out/>
  <testcase classname="com.sgtesting.products.Products" name="deletedUser" time="0.001"/>
  <system-out/>
</testsuite> <!-- com.sgtesting.products.Products -->
